# Logfile created on 2024-07-30 10:32:00 +0000 by logger.rb/v1.6.0
I, [2024-07-30T10:32:04.455047 #90340]  INFO -- : [1] Added car: https://www.autocentrum.pl/dane-techniczne/alfa-romeo/146/silnik-benzynowy-1.6-i.e.-16v-t.s.-120km-1996-2001/
I, [2024-07-30T10:32:04.498196 #90340]  INFO -- : [3] Added car: https://www.autocentrum.pl/dane-techniczne/alfa-romeo/166/iii/silnik-diesla-2.4-jtdm-20v-175km-2003-2007/
I, [2024-07-30T10:32:04.528479 #90340]  INFO -- : [6] Added car: https://www.autocentrum.pl/dane-techniczne/alfa-romeo/75/
I, [2024-07-30T10:32:04.544090 #90340]  INFO -- : [6] Added car: https://www.autocentrum.pl/dane-techniczne/acura/tl/iv/
I, [2024-07-30T10:32:04.545165 #90340]  INFO -- : [6] Added car: https://www.autocentrum.pl/dane-techniczne/alfa-romeo/gtv/ii/coupe/silnik-benzynowy-2.0-i-16v-t.spark-150km-1995-2002/
I, [2024-07-30T10:32:04.545825 #90340]  INFO -- : [6] Added car: https://www.autocentrum.pl/dane-techniczne/alfa-romeo/166/iii/silnik-diesla-2.4-jtd-140km-2003-2007/
I, [2024-07-30T10:32:04.578145 #90340]  INFO -- : [8] Added car: https://www.autocentrum.pl/dane-techniczne/alfa-romeo/gtv/ii/spider/silnik-benzynowy-1.8-i-16v-t.spark-144km-1998-2002/
I, [2024-07-30T10:32:04.597120 #90340]  INFO -- : [9] Added car: https://www.autocentrum.pl/dane-techniczne/alfa-romeo/75/silnik-benzynowy-3.0-v6-kat-185km-1987-1992/
I, [2024-07-30T10:32:04.605442 #90340]  INFO -- : [9] Added car: https://www.autocentrum.pl/dane-techniczne/alfa-romeo/giulietta-nuova/i/silnik-benzynowy-1.6-109km-1977-1985/
I, [2024-07-30T10:32:04.652860 #90340]  INFO -- : [10] Added car: https://www.autocentrum.pl/dane-techniczne/acura/integra/iii/silnik-benzynowy-1.8-142km-1994-2001/
I, [2024-07-30T10:32:04.661902 #90340]  INFO -- : [11] Added car: https://www.autocentrum.pl/dane-techniczne/acura/tsx/ii/silnik-diesla-2.2-i-dtec-148km-od-2009/
I, [2024-07-30T10:32:04.679237 #90340]  INFO -- : [12] Added car: https://www.autocentrum.pl/dane-techniczne/alfa-romeo/gtv/ii/coupe/silnik-benzynowy-2.0-ts-155km-1994-1998/
I, [2024-07-30T10:32:04.703768 #90340]  INFO -- : [13] Added car: https://www.autocentrum.pl/dane-techniczne/alfa-romeo/gtv/ii/coupe/silnik-benzynowy-2.0-jts-165km-2002-2005/
I, [2024-07-30T10:32:04.726960 #90340]  INFO -- : [15] Added car: https://www.autocentrum.pl/dane-techniczne/acura/rsx/
I, [2024-07-30T10:32:04.738443 #90340]  INFO -- : [17] Added car: https://www.autocentrum.pl/dane-techniczne/alfa-romeo/166/iii/silnik-diesla-2.4-jtdm-185km-2003-2007/
I, [2024-07-30T10:32:04.746193 #90340]  INFO -- : [18] Added car: https://www.autocentrum.pl/dane-techniczne/abarth/punto/silnik-benzynowy-1.4-multiair-16v-165km-2012-2013/
I, [2024-07-30T10:32:04.747835 #90340]  INFO -- : [18] Added car: https://www.autocentrum.pl/dane-techniczne/acura/rl/i/silnik-benzynowy-3.5-225km-1996-2004/
I, [2024-07-30T10:32:04.748611 #90340]  INFO -- : [18] Added car: https://www.autocentrum.pl/dane-techniczne/alfa-romeo/75/silnik-benzynowy-2.0-t.s.-148km-1987-1988/
I, [2024-07-30T10:32:04.817560 #90340]  INFO -- : [20] Added car: https://www.autocentrum.pl/dane-techniczne/acura/slx/silnik-benzynowy-3.5-215km-1997-1999/
I, [2024-07-30T10:32:04.823674 #90340]  INFO -- : [20] Added car: https://www.autocentrum.pl/dane-techniczne/alfa-romeo/75/silnik-benzynowy-2.0-128km-1985-1988/
I, [2024-07-30T10:32:04.849015 #90340]  INFO -- : [22] Added car: https://www.autocentrum.pl/dane-techniczne/acura/mdx/
I, [2024-07-30T10:32:04.885926 #90340]  INFO -- : [25] Added car: https://www.autocentrum.pl/dane-techniczne/acura/vigor/silnik-benzynowy-2.5-176km-1989-1995/
I, [2024-07-30T10:32:04.910461 #90340]  INFO -- : [26] Added car: https://www.autocentrum.pl/dane-techniczne/alfa-romeo/gtv/ii/coupe/silnik-benzynowy-3.0-i-v6-24v-220km-1997-1998/
I, [2024-07-30T10:32:04.926338 #90340]  INFO -- : [27] Added car: https://www.autocentrum.pl/dane-techniczne/acura/tsx/ii/
I, [2024-07-30T10:32:04.951906 #90340]  INFO -- : [29] Added car: https://www.autocentrum.pl/dane-techniczne/acura/el/ii/silnik-benzynowy-1.7-127km-2001-2005/
I, [2024-07-30T10:32:04.959549 #90340]  INFO -- : [29] Added car: https://www.autocentrum.pl/dane-techniczne/alfa-romeo/gtv/ii/coupe/silnik-benzynowy-1.8-i-16v-t.spark-144km-1998-2002/
I, [2024-07-30T10:32:04.974500 #90340]  INFO -- : [31] Added car: https://www.autocentrum.pl/dane-techniczne/alfa-romeo/166/
I, [2024-07-30T10:32:04.999109 #90340]  INFO -- : [31] Added car: https://www.autocentrum.pl/dane-techniczne/acura/tl/iv/silnik-benzynowy-3.7-305km-od-2008/
I, [2024-07-30T10:32:05.037369 #90340]  INFO -- : [34] Added car: https://www.autocentrum.pl/dane-techniczne/acura/rl/ii/silnik-benzynowy-3.5-290km-2005-2008/
I, [2024-07-30T10:32:05.114106 #90340]  INFO -- : [37] Added car: https://www.autocentrum.pl/dane-techniczne/alfa-romeo/166/i/silnik-benzynowy-2.0-i-v6-205km-1998-2001/
I, [2024-07-30T10:32:05.147028 #90340]  INFO -- : [38] Added car: https://www.autocentrum.pl/dane-techniczne/alfa-romeo/gtv/ii/
I, [2024-07-30T10:32:05.173219 #90340]  INFO -- : [41] Added car: https://www.autocentrum.pl/dane-techniczne/alfa-romeo/164/silnik-benzynowy-3.0-v6-180km-1992-1995/
I, [2024-07-30T10:32:05.186547 #90340]  INFO -- : [41] Added car: https://www.autocentrum.pl/dane-techniczne/alfa-romeo/164/silnik-benzynowy-2.0-t.s.-146km-1992-1997/
I, [2024-07-30T10:32:05.197637 #90340]  INFO -- : [43] Added car: https://www.autocentrum.pl/dane-techniczne/alfa-romeo/166/ii/silnik-diesla-2.4-jtd-140km-2001-2003/
I, [2024-07-30T10:32:05.214549 #90340]  INFO -- : [44] Added car: https://www.autocentrum.pl/dane-techniczne/alfa-romeo/164/silnik-benzynowy-2.0-turbo-175km-1987-1991/
I, [2024-07-30T10:32:05.284714 #90340]  INFO -- : [52] Added car: https://www.autocentrum.pl/dane-techniczne/alfa-romeo/156/ii/kombi/silnik-diesla-2.4-jtd-150km-2003-2006/
I, [2024-07-30T10:32:05.362582 #90340]  INFO -- : [55] Added car: https://www.autocentrum.pl/dane-techniczne/alfa-romeo/75/silnik-benzynowy-1.8-120km-1985-1989/
I, [2024-07-30T10:32:05.391821 #90340]  INFO -- : [56] Added car: https://www.autocentrum.pl/dane-techniczne/alfa-romeo/166/i/silnik-diesla-2.4-jtd-136km-1998-2001/
I, [2024-07-30T10:32:05.421866 #90340]  INFO -- : [58] Added car: https://www.autocentrum.pl/dane-techniczne/acura/rsx/silnik-benzynowy-2.0-220km-2002-2006/
I, [2024-07-30T10:32:05.434221 #90340]  INFO -- : [59] Added car: https://www.autocentrum.pl/dane-techniczne/alfa-romeo/75/silnik-benzynowy-2.0-t.s.-145km-1990-1992/
I, [2024-07-30T10:32:05.437310 #90340]  INFO -- : [59] Added car: https://www.autocentrum.pl/dane-techniczne/alfa-romeo/gtv/ii/spider/silnik-benzynowy-3.0-v6-12v-192km-1995-1998/
I, [2024-07-30T10:32:05.444517 #90340]  INFO -- : [60] Added car: https://www.autocentrum.pl/dane-techniczne/alfa-romeo/gtv/i/
I, [2024-07-30T10:32:05.463751 #90340]  INFO -- : [61] Added car: https://www.autocentrum.pl/dane-techniczne/alfa-romeo/146/silnik-benzynowy-1.8-i.e.-16v-t.s.-144km-1997-2001/
I, [2024-07-30T10:32:05.511419 #90340]  INFO -- : [68] Added car: https://www.autocentrum.pl/dane-techniczne/acura/rsx/silnik-benzynowy-2.0-155km-2002-2006/
I, [2024-07-30T10:32:05.550842 #90340]  INFO -- : [73] Added car: https://www.autocentrum.pl/dane-techniczne/acura/rsx/silnik-benzynowy-2.0-160km-2002-2006/
I, [2024-07-30T10:32:05.566246 #90340]  INFO -- : [74] Added car: https://www.autocentrum.pl/dane-techniczne/alfa-romeo/146/silnik-diesla-1.9-jtd-105km-1999-2000/
I, [2024-07-30T10:32:05.574433 #90340]  INFO -- : [75] Added car: https://www.autocentrum.pl/dane-techniczne/alfa-romeo/166/ii/silnik-diesla-2.4-jtd-150km-2002-2003/
I, [2024-07-30T10:32:05.577814 #90340]  INFO -- : [75] Added car: https://www.autocentrum.pl/dane-techniczne/abarth/punto-evo/silnik-benzynowy-1.4-multiair-165km-2010-2012/
I, [2024-07-30T10:32:05.582177 #90340]  INFO -- : [76] Added car: https://www.autocentrum.pl/dane-techniczne/acura/tsx/
I, [2024-07-30T10:32:05.623034 #90340]  INFO -- : [80] Added car: https://www.autocentrum.pl/dane-techniczne/alfa-romeo/75/silnik-benzynowy-1.8-turbo-165km-1990-1992/
I, [2024-07-30T10:32:05.663162 #90340]  INFO -- : [82] Added car: https://www.autocentrum.pl/dane-techniczne/alfa-romeo/gt/i/silnik-benzynowy-2.0-v-131km-1971-1977/
I, [2024-07-30T10:32:05.724900 #90340]  INFO -- : [82] Added car: https://www.autocentrum.pl/dane-techniczne/acura/cl/ii/
I, [2024-07-30T10:32:05.744582 #90340]  INFO -- : [82] Added car: https://www.autocentrum.pl/dane-techniczne/acura/rsx/silnik-benzynowy-2.0-210km-2002-2006/
I, [2024-07-30T10:32:05.757042 #90340]  INFO -- : [82] Added car: https://www.autocentrum.pl/dane-techniczne/alfa-romeo/166/iii/silnik-diesla-2.4-jtd-150km-2003-2007/
I, [2024-07-30T10:32:05.760194 #90340]  INFO -- : [82] Added car: https://www.autocentrum.pl/dane-techniczne/alfa-romeo/75/silnik-benzynowy-2.0-t.s-kat-148km-1987-1992/
I, [2024-07-30T10:32:05.802131 #90340]  INFO -- : [88] Added car: https://www.autocentrum.pl/dane-techniczne/alfa-romeo/164/silnik-benzynowy-2.0-v6-turbo-210km-1991-1992/
I, [2024-07-30T10:32:05.848035 #90340]  INFO -- : [92] Added car: https://www.autocentrum.pl/dane-techniczne/acura/mdx/i/
I, [2024-07-30T10:32:05.902348 #90340]  INFO -- : [99] Added car: https://www.autocentrum.pl/dane-techniczne/alfa-romeo/gt/i/silnik-benzynowy-1.75-v-113km-1967-1972/
I, [2024-07-30T10:32:05.937734 #90340]  INFO -- : [102] Added car: https://www.autocentrum.pl/dane-techniczne/alfa-romeo/156/ii/kombi/silnik-diesla-1.9-jtd-150km-2003-2006/
I, [2024-07-30T10:32:05.964981 #90340]  INFO -- : [102] Added car: https://www.autocentrum.pl/dane-techniczne/acura/el/i/silnik-benzynowy-1.6-127km-1996-2000/
I, [2024-07-30T10:32:05.968003 #90340]  INFO -- : [102] Added car: https://www.autocentrum.pl/dane-techniczne/acura/slx/
I, [2024-07-30T10:32:05.969039 #90340]  INFO -- : [102] Added car: https://www.autocentrum.pl/dane-techniczne/alfa-romeo/gtv/ii/spider/silnik-benzynowy-3.0-i-v6-24v-218km-1998-2003/
I, [2024-07-30T10:32:05.969842 #90340]  INFO -- : [102] Added car: https://www.autocentrum.pl/dane-techniczne/alfa-romeo/166/i/silnik-benzynowy-3.0-i-v6-24v-226km-1998-2001/
I, [2024-07-30T10:32:05.981081 #90340]  INFO -- : [103] Added car: https://www.autocentrum.pl/dane-techniczne/alfa-romeo/gtv/ii/coupe/silnik-benzynowy-3.2-i-v6-24v-240km-2003-2005/
I, [2024-07-30T10:32:06.013916 #90340]  INFO -- : [107] Added car: https://www.autocentrum.pl/dane-techniczne/acura/tsx/ii/silnik-benzynowy-2.4-201km-od-2009/
I, [2024-07-30T10:32:06.027108 #90340]  INFO -- : [108] Added car: https://www.autocentrum.pl/dane-techniczne/alfa-romeo/164/silnik-benzynowy-2.0-t.s.-148km-1987-1989/
I, [2024-07-30T10:32:06.028410 #90340]  INFO -- : [108] Added car: https://www.autocentrum.pl/dane-techniczne/acura/csx/
I, [2024-07-30T10:32:06.029719 #90340]  INFO -- : [108] Added car: https://www.autocentrum.pl/dane-techniczne/alfa-romeo/75/silnik-benzynowy-3.0-v6-192km-1990-1992/
I, [2024-07-30T10:32:06.034302 #90340]  INFO -- : [109] Added car: https://www.autocentrum.pl/dane-techniczne/alfa-romeo/164/silnik-benzynowy-2.5-v6-163km-1992-1998/
I, [2024-07-30T10:32:06.041973 #90340]  INFO -- : [110] Added car: https://www.autocentrum.pl/dane-techniczne/alfa-romeo/75/silnik-benzynowy-2.5-v6-156km-1985-1986/
I, [2024-07-30T10:32:06.057216 #90340]  INFO -- : [111] Added car: https://www.autocentrum.pl/dane-techniczne/alfa-romeo/75/silnik-benzynowy-3.0-v6-188km-1987-1990/
I, [2024-07-30T10:32:06.085652 #90340]  INFO -- : [114] Added car: https://www.autocentrum.pl/dane-techniczne/alfa-romeo/146/silnik-benzynowy-1.7-i.e.-16v-129km-1994-1996/
I, [2024-07-30T10:32:06.127394 #90340]  INFO -- : [117] Added car: https://www.autocentrum.pl/dane-techniczne/alfa-romeo/giulietta-nuova/i/silnik-benzynowy-2.0-131km-1980-1985/
I, [2024-07-30T10:32:06.139469 #90340]  INFO -- : [117] Added car: https://www.autocentrum.pl/dane-techniczne/alfa-romeo/gt/i/silnik-benzynowy-1.6-a-115km-1965-1970/
I, [2024-07-30T10:32:06.143752 #90340]  INFO -- : [117] Added car: https://www.autocentrum.pl/dane-techniczne/alfa-romeo/164/
I, [2024-07-30T10:32:06.189362 #90340]  INFO -- : [119] Added car: https://www.autocentrum.pl/dane-techniczne/alfa-romeo/gt/
I, [2024-07-30T10:32:06.225323 #90340]  INFO -- : [119] Added car: https://www.autocentrum.pl/dane-techniczne/alfa-romeo/gtv/ii/spider/silnik-benzynowy-3.2-i-v6-24v-240km-2003-2006/
I, [2024-07-30T10:32:06.241035 #90340]  INFO -- : [121] Added car: https://www.autocentrum.pl/dane-techniczne/alfa-romeo/gtv/
I, [2024-07-30T10:32:06.273237 #90340]  INFO -- : [123] Added car: https://www.autocentrum.pl/dane-techniczne/acura/tsx/i/silnik-benzynowy-2.4-205km-2004-2008/
I, [2024-07-30T10:32:06.399767 #90340]  INFO -- : [134] Added car: https://www.autocentrum.pl/dane-techniczne/alfa-romeo/164/silnik-benzynowy-2.0-v6-turbo-201km-1992-1998/
I, [2024-07-30T10:32:06.422753 #90340]  INFO -- : [134] Added car: https://www.autocentrum.pl/dane-techniczne/alfa-romeo/gt/i/silnik-benzynowy-1.6-102km-1963-1966/
I, [2024-07-30T10:32:06.449722 #90340]  INFO -- : [137] Added car: https://www.autocentrum.pl/dane-techniczne/acura/el/i/
I, [2024-07-30T10:32:06.496680 #90340]  INFO -- : [144] Added car: https://www.autocentrum.pl/dane-techniczne/alfa-romeo/166/ii/silnik-benzynowy-2.0-i-16v-t.spark-150km-2001-2003/
I, [2024-07-30T10:32:06.545550 #90340]  INFO -- : [150] Added car: https://www.autocentrum.pl/dane-techniczne/alfa-romeo/166/iii/silnik-benzynowy-3.0-i-v6-24v-220km-2003-2007/
I, [2024-07-30T10:32:06.574469 #90340]  INFO -- : [153] Added car: https://www.autocentrum.pl/dane-techniczne/alfa-romeo/gtv/i/silnik-benzynowy-2.0-turbodelta-150km-1978-1980/
I, [2024-07-30T10:32:06.610415 #90340]  INFO -- : [157] Added car: https://www.autocentrum.pl/dane-techniczne/alfa-romeo/giulietta-nuova/ii/hatchback-5d-facelifting-2016/
I, [2024-07-30T10:32:06.662680 #90340]  INFO -- : [165] Added car: https://www.autocentrum.pl/dane-techniczne/acura/nsx/silnik-benzynowy-3.2-290km-1990-2005/
I, [2024-07-30T10:32:06.756133 #90340]  INFO -- : [178] Added car: https://www.autocentrum.pl/dane-techniczne/alfa-romeo/164/silnik-benzynowy-3.0-24v-q4-232km-1992-1998/
I, [2024-07-30T10:32:06.805489 #90340]  INFO -- : [185] Added car: https://www.autocentrum.pl/dane-techniczne/acura/tl/iv/silnik-benzynowy-3.5-280km-od-2008/
I, [2024-07-30T10:32:06.822420 #90340]  INFO -- : [188] Added car: https://www.autocentrum.pl/dane-techniczne/acura/tl/iii/silnik-benzynowy-3.2-258km-2004-2008/
I, [2024-07-30T10:32:06.837185 #90340]  INFO -- : [189] Added car: https://www.autocentrum.pl/dane-techniczne/alfa-romeo/gtv/i/silnik-benzynowy-1.6-102km-1974-1987/
I, [2024-07-30T10:32:06.347622 #90340]  INFO -- : [130] Added car: https://www.autocentrum.pl/dane-techniczne/alfa-romeo/75/silnik-benzynowy-2.5-v6-kat-154km-1986-1989/
I, [2024-07-30T10:32:06.861979 #90340]  INFO -- : [190] Added car: https://www.autocentrum.pl/dane-techniczne/alfa-romeo/156/ii/kombi/silnik-benzynowy-1.8-i-16v-t.spark-140km-2003-2006/
I, [2024-07-30T10:32:06.901704 #90340]  INFO -- : [193] Added car: https://www.autocentrum.pl/dane-techniczne/acura/rl/i/
I, [2024-07-30T10:32:06.923769 #90340]  INFO -- : [196] Added car: https://www.autocentrum.pl/dane-techniczne/abarth/grande-punto/
I, [2024-07-30T10:32:06.947530 #90340]  INFO -- : [198] Added car: https://www.autocentrum.pl/dane-techniczne/acura/integra/i/
I, [2024-07-30T10:32:06.967576 #90340]  INFO -- : [200] Added car: https://www.autocentrum.pl/dane-techniczne/alfa-romeo/156/ii/kombi/silnik-diesla-2.4-jtd-175km-2003-2006/
I, [2024-07-30T10:32:06.970352 #90340]  INFO -- : [200] Added car: https://www.autocentrum.pl/dane-techniczne/alfa-romeo/166/ii/silnik-benzynowy-2.5-i-v6-24v-188km-2001-2003/
I, [2024-07-30T10:32:06.982224 #90340]  INFO -- : [201] Added car: https://www.autocentrum.pl/dane-techniczne/alfa-romeo/giulietta-nuova/i/silnik-benzynowy-1.8-122km-1979-1985/
I, [2024-07-30T10:32:06.993100 #90340]  INFO -- : [201] Added car: https://www.autocentrum.pl/dane-techniczne/acura/rl/
I, [2024-07-30T10:32:07.000190 #90340]  INFO -- : [202] Added car: https://www.autocentrum.pl/dane-techniczne/alfa-romeo/gtv/ii/spider/silnik-benzynowy-2.0-i-16v-t.spark-150km-1995-2002/
I, [2024-07-30T10:32:07.014141 #90340]  INFO -- : [204] Added car: https://www.autocentrum.pl/dane-techniczne/alfa-romeo/156/i/sedan/silnik-diesla-2.4-jtd-150km-2002-2003/
I, [2024-07-30T10:32:07.047023 #90340]  INFO -- : [209] Added car: https://www.autocentrum.pl/dane-techniczne/alfa-romeo/156/i/sedan/silnik-diesla-2.4-jtd-140km-2000-2001/
I, [2024-07-30T10:32:06.849723 #90340]  INFO -- : [189] Added car: https://www.autocentrum.pl/dane-techniczne/alfa-romeo/166/i/silnik-benzynowy-2.0-i-16v-t.spark-155km-1998-2001/
I, [2024-07-30T10:32:07.059889 #90340]  INFO -- : [210] Added car: https://www.autocentrum.pl/dane-techniczne/alfa-romeo/164/silnik-benzynowy-3.0-v6-192km-1987-1989/
I, [2024-07-30T10:32:07.068076 #90340]  INFO -- : [211] Added car: https://www.autocentrum.pl/dane-techniczne/acura/tsx/i/
I, [2024-07-30T10:32:07.070348 #90340]  INFO -- : [211] Added car: https://www.autocentrum.pl/dane-techniczne/alfa-romeo/75/silnik-benzynowy-1.6-110km-1985-1989/
I, [2024-07-30T10:32:07.068757 #90340]  INFO -- : [211] Added car: https://www.autocentrum.pl/dane-techniczne/acura/rsx/silnik-benzynowy-2.0-s-210km-2002-2006/
I, [2024-07-30T10:32:07.068885 #90340]  INFO -- : [211] Added car: https://www.autocentrum.pl/dane-techniczne/acura/el/
I, [2024-07-30T10:32:07.069051 #90340]  INFO -- : [211] Added car: https://www.autocentrum.pl/dane-techniczne/acura/tl/
I, [2024-07-30T10:32:07.059233 #90340]  INFO -- : [210] Added car: https://www.autocentrum.pl/dane-techniczne/acura/tl/i/
I, [2024-07-30T10:32:07.082031 #90340]  INFO -- : [212] Added car: https://www.autocentrum.pl/dane-techniczne/alfa-romeo/164/silnik-benzynowy-2.0-t.s.-144km-1990-1992/
I, [2024-07-30T10:32:07.112863 #90340]  INFO -- : [213] Added car: https://www.autocentrum.pl/dane-techniczne/alfa-romeo/156/ii/sedan/silnik-benzynowy-1.6-i-16v-t.spark-120km-2003-2006/
I, [2024-07-30T10:32:07.125549 #90340]  INFO -- : [214] Added car: https://www.autocentrum.pl/dane-techniczne/alfa-romeo/156/ii/sedan/silnik-benzynowy-2.5-i-v6-24v-q-system-192km-2003-2006/
I, [2024-07-30T10:32:07.090177 #90340]  INFO -- : [212] Added car: https://www.autocentrum.pl/dane-techniczne/alfa-romeo/gtv/ii/coupe/
I, [2024-07-30T10:32:07.090249 #90340]  INFO -- : [212] Added car: https://www.autocentrum.pl/dane-techniczne/alfa-romeo/giulietta-nuova/i/silnik-benzynowy-2.0-turbo-170km-1983-1984/
I, [2024-07-30T10:32:07.090320 #90340]  INFO -- : [212] Added car: https://www.autocentrum.pl/dane-techniczne/acura/tl/ii/silnik-benzynowy-3.2-s-260km-1999-2003/
I, [2024-07-30T10:32:07.090383 #90340]  INFO -- : [212] Added car: https://www.autocentrum.pl/dane-techniczne/alfa-romeo/gtv/ii/spider/
I, [2024-07-30T10:32:07.090484 #90340]  INFO -- : [212] Added car: https://www.autocentrum.pl/dane-techniczne/acura/cl/
I, [2024-07-30T10:32:07.090543 #90340]  INFO -- : [212] Added car: https://www.autocentrum.pl/dane-techniczne/alfa-romeo/164/silnik-diesla-2.5-td-125km-1992-1998/
I, [2024-07-30T10:32:07.090647 #90340]  INFO -- : [212] Added car: https://www.autocentrum.pl/dane-techniczne/acura/rsx/silnik-benzynowy-2.0-200km-2002-2006/
I, [2024-07-30T10:32:07.090806 #90340]  INFO -- : [212] Added car: https://www.autocentrum.pl/dane-techniczne/abarth/punto/silnik-benzynowy-1.4-multiair-16v-180km-2012-2013/
I, [2024-07-30T10:32:07.090871 #90340]  INFO -- : [212] Added car: https://www.autocentrum.pl/dane-techniczne/alfa-romeo/75/silnik-diesla-2.4-td-112km-1988-1992/
I, [2024-07-30T10:32:07.090915 #90340]  INFO -- : [212] Added car: https://www.autocentrum.pl/dane-techniczne/acura/rdx/
I, [2024-07-30T10:32:07.090971 #90340]  INFO -- : [212] Added car: https://www.autocentrum.pl/dane-techniczne/alfa-romeo/gtv/ii/coupe/silnik-benzynowy-2.0-i-v6-tb-202km-1994-1998/
I, [2024-07-30T10:32:07.091075 #90340]  INFO -- : [212] Added car: https://www.autocentrum.pl/dane-techniczne/acura/tl/iii/silnik-benzynowy-3.5-s-286km-2004-2008/
I, [2024-07-30T10:32:07.091142 #90340]  INFO -- : [212] Added car: https://www.autocentrum.pl/dane-techniczne/alfa-romeo/giulietta-nuova/i/silnik-benzynowy-1.3-95km-1977-1983/
I, [2024-07-30T10:32:07.091220 #90340]  INFO -- : [212] Added car: https://www.autocentrum.pl/dane-techniczne/alfa-romeo/164/silnik-diesla-2.5-td-117km-1987-1992/
I, [2024-07-30T10:32:07.091290 #90340]  INFO -- : [212] Added car: https://www.autocentrum.pl/dane-techniczne/acura/integra/i/silnik-benzynowy-1.6-113km-1985-1989/
I, [2024-07-30T10:32:07.091358 #90340]  INFO -- : [212] Added car: https://www.autocentrum.pl/dane-techniczne/acura/cl/ii/silnik-benzynowy-3.2-v6-225km-2001-2003/
I, [2024-07-30T10:32:07.091419 #90340]  INFO -- : [212] Added car: https://www.autocentrum.pl/dane-techniczne/alfa-romeo/146/silnik-benzynowy-2.0-16v-quadrifoglio-155km-1998-2001/
I, [2024-07-30T10:32:07.091468 #90340]  INFO -- : [212] Added car: https://www.autocentrum.pl/dane-techniczne/alfa-romeo/146/silnik-benzynowy-1.7-i.e.-16v-t.s.-140km-1996-2001/
I, [2024-07-30T10:32:07.091559 #90340]  INFO -- : [212] Added car: https://www.autocentrum.pl/dane-techniczne/alfa-romeo/gtv/ii/spider/silnik-benzynowy-2.0-i-v6-tb-202km-1995-1998/
I, [2024-07-30T10:32:07.091632 #90340]  INFO -- : [212] Added car: https://www.autocentrum.pl/dane-techniczne/alfa-romeo/giulietta-nuova/ii/
I, [2024-07-30T10:32:07.166792 #90340]  INFO -- : [216] Added car: https://www.autocentrum.pl/dane-techniczne/alfa-romeo/156/ii/sedan/silnik-diesla-2.4-jtd-150km-2003-2006/
I, [2024-07-30T10:32:07.091754 #90340]  INFO -- : [212] Added car: https://www.autocentrum.pl/dane-techniczne/alfa-romeo/giulietta-nuova/i/silnik-benzynowy-1.8-turbo-150km-1984-1985/
I, [2024-07-30T10:32:07.091840 #90340]  INFO -- : [212] Added car: https://www.autocentrum.pl/dane-techniczne/alfa-romeo/75/silnik-benzynowy-1.8-turbo-i.e.-155km-1986-1990/
I, [2024-07-30T10:32:07.091900 #90340]  INFO -- : [212] Added car: https://www.autocentrum.pl/dane-techniczne/acura/nsx/
I, [2024-07-30T10:32:07.091948 #90340]  INFO -- : [212] Added car: https://www.autocentrum.pl/dane-techniczne/acura/tl/iii/
I, [2024-07-30T10:32:07.092002 #90340]  INFO -- : [212] Added car: https://www.autocentrum.pl/dane-techniczne/alfa-romeo/164/silnik-benzynowy-3.0-v6-184km-1990-1992/
I, [2024-07-30T10:32:07.092049 #90340]  INFO -- : [212] Added car: https://www.autocentrum.pl/dane-techniczne/acura/slx/silnik-benzynowy-3.2-190km-1996-1997/
I, [2024-07-30T10:32:07.092142 #90340]  INFO -- : [212] Added car: https://www.autocentrum.pl/dane-techniczne/alfa-romeo/gtv/i/silnik-benzynowy-2.0-130km-1978-1986/
I, [2024-07-30T10:32:07.092264 #90340]  INFO -- : [212] Added car: https://www.autocentrum.pl/dane-techniczne/acura/rl/ii/
I, [2024-07-30T10:32:07.092363 #90340]  INFO -- : [212] Added car: https://www.autocentrum.pl/dane-techniczne/alfa-romeo/156/ii/kombi/silnik-benzynowy-2.0-i-16v-150km-2003-2006/
I, [2024-07-30T10:32:07.092435 #90340]  INFO -- : [212] Added car: https://www.autocentrum.pl/dane-techniczne/alfa-romeo/giulietta-nuova/i/
I, [2024-07-30T10:32:07.092508 #90340]  INFO -- : [212] Added car: https://www.autocentrum.pl/dane-techniczne/alfa-romeo/75/silnik-benzynowy-1.6-kat-110km-1988-1992/
I, [2024-07-30T10:32:07.092585 #90340]  INFO -- : [212] Added car: https://www.autocentrum.pl/dane-techniczne/alfa-romeo/75/silnik-benzynowy-1.6-i.e.-107km-1990-1992/
I, [2024-07-30T10:32:07.092647 #90340]  INFO -- : [212] Added car: https://www.autocentrum.pl/dane-techniczne/alfa-romeo/gtv/i/silnik-benzynowy-2.0-128km-1985-1985/
I, [2024-07-30T10:32:07.092715 #90340]  INFO -- : [212] Added car: https://www.autocentrum.pl/dane-techniczne/alfa-romeo/164/silnik-benzynowy-3.0-24v-210km-1992-1998/
I, [2024-07-30T10:32:07.092770 #90340]  INFO -- : [212] Added car: https://www.autocentrum.pl/dane-techniczne/abarth/punto/
I, [2024-07-30T10:32:07.092878 #90340]  INFO -- : [212] Added car: https://www.autocentrum.pl/dane-techniczne/alfa-romeo/gt/ii/
I, [2024-07-30T10:32:07.092933 #90340]  INFO -- : [212] Added car: https://www.autocentrum.pl/dane-techniczne/alfa-romeo/146/
I, [2024-07-30T10:32:07.092987 #90340]  INFO -- : [212] Added car: https://www.autocentrum.pl/dane-techniczne/acura/integra/
I, [2024-07-30T10:32:07.093050 #90340]  INFO -- : [212] Added car: https://www.autocentrum.pl/dane-techniczne/alfa-romeo/gt/i/silnik-benzynowy-1.6-103km-1972-1977/
I, [2024-07-30T10:32:07.093142 #90340]  INFO -- : [212] Added car: https://www.autocentrum.pl/dane-techniczne/acura/cl/i/
I, [2024-07-30T10:32:07.093209 #90340]  INFO -- : [212] Added car: https://www.autocentrum.pl/dane-techniczne/alfa-romeo/166/iii/silnik-benzynowy-3.2-i-v6-24v-240km-2003-2007/
I, [2024-07-30T10:32:07.093269 #90340]  INFO -- : [212] Added car: https://www.autocentrum.pl/dane-techniczne/alfa-romeo/giulietta-nuova/ii/hatchback-5d-facelifting/silnik-diesla-1.6-jtd-16v-105km-2013-2015/
I, [2024-07-30T10:32:07.093361 #90340]  INFO -- : [212] Added car: https://www.autocentrum.pl/dane-techniczne/alfa-romeo/75/silnik-diesla-2.0-td-95km-1985-1992/
I, [2024-07-30T10:32:07.093425 #90340]  INFO -- : [212] Added car: https://www.autocentrum.pl/dane-techniczne/acura/cl/i/silnik-benzynowy-3.0-200km-1997-1999/
I, [2024-07-30T10:32:07.093489 #90340]  INFO -- : [212] Added car: https://www.autocentrum.pl/dane-techniczne/acura/tl/i/silnik-benzynowy-2.5-176km-1995-1998/
I, [2024-07-30T10:32:07.093549 #90340]  INFO -- : [212] Added car: https://www.autocentrum.pl/dane-techniczne/alfa-romeo/166/iii/
I, [2024-07-30T10:32:07.093630 #90340]  INFO -- : [212] Added car: https://www.autocentrum.pl/dane-techniczne/alfa-romeo/164/silnik-benzynowy-3.0-i.e.-qv-200km-1990-1992/
I, [2024-07-30T10:32:07.197890 #90340]  INFO -- : [218] Added car: https://www.autocentrum.pl/dane-techniczne/alfa-romeo/156/ii/sedan/silnik-diesla-1.9-16v-jtd-140km-2003-2006/
I, [2024-07-30T10:32:07.093762 #90340]  INFO -- : [212] Added car: https://www.autocentrum.pl/dane-techniczne/alfa-romeo/166/ii/
I, [2024-07-30T10:32:07.093824 #90340]  INFO -- : [212] Added car: https://www.autocentrum.pl/dane-techniczne/alfa-romeo/gtv/ii/spider/silnik-benzynowy-2.0-jts-165km-2002-2006/
I, [2024-07-30T10:32:07.093887 #90340]  INFO -- : [212] Added car: https://www.autocentrum.pl/dane-techniczne/acura/mdx/ii/silnik-benzynowy-3.7-300km-od-2007/
I, [2024-07-30T10:32:07.093950 #90340]  INFO -- : [212] Added car: https://www.autocentrum.pl/dane-techniczne/alfa-romeo/156/ii/kombi/silnik-diesla-1.9-jtd-115km-2003-2006/
I, [2024-07-30T10:32:07.094015 #90340]  INFO -- : [212] Added car: https://www.autocentrum.pl/dane-techniczne/alfa-romeo/156/ii/kombi/silnik-benzynowy-2.5-i-v6-24v-q-system-192km-2003-2007/
I, [2024-07-30T10:32:07.094067 #90340]  INFO -- : [212] Added car: https://www.autocentrum.pl/dane-techniczne/alfa-romeo/156/ii/kombi/silnik-benzynowy-2.5-i-v6-24v-192km-2003-2007/
I, [2024-07-30T10:32:07.094112 #90340]  INFO -- : [212] Added car: https://www.autocentrum.pl/dane-techniczne/alfa-romeo/gtv/ii/coupe/silnik-benzynowy-3.0-i-v6-24v-218km-1998-2003/
I, [2024-07-30T10:32:07.094173 #90340]  INFO -- : [212] Added car: https://www.autocentrum.pl/dane-techniczne/acura/tl/i/silnik-benzynowy-3.2-200km-1995-1998/
I, [2024-07-30T10:32:07.094230 #90340]  INFO -- : [212] Added car: https://www.autocentrum.pl/dane-techniczne/alfa-romeo/146/silnik-benzynowy-1.4-i.e.-90km-1994-2001/
I, [2024-07-30T10:32:07.094290 #90340]  INFO -- : [212] Added car: https://www.autocentrum.pl/dane-techniczne/acura/integra/iii/
I, [2024-07-30T10:32:07.094372 #90340]  INFO -- : [212] Added car: https://www.autocentrum.pl/dane-techniczne/alfa-romeo/166/iii/silnik-benzynowy-2.0-i-16v-t.spark-150km-2003-2007/
I, [2024-07-30T10:32:07.094434 #90340]  INFO -- : [212] Added car: https://www.autocentrum.pl/dane-techniczne/acura/tl/ii/
I, [2024-07-30T10:32:07.094487 #90340]  INFO -- : [212] Added car: https://www.autocentrum.pl/dane-techniczne/alfa-romeo/164/silnik-benzynowy-3.0-24v-qv-232km-1992-1993/
I, [2024-07-30T10:32:07.094557 #90340]  INFO -- : [212] Added car: https://www.autocentrum.pl/dane-techniczne/alfa-romeo/156/ii/kombi/silnik-benzynowy-2.0-i-16v-jts-165km-2003-2006/
I, [2024-07-30T10:32:07.094620 #90340]  INFO -- : [212] Added car: https://www.autocentrum.pl/dane-techniczne/alfa-romeo/146/silnik-benzynowy-1.4-i-16v-t.spark-103km-1997-2001/
I, [2024-07-30T10:32:07.094671 #90340]  INFO -- : [212] Added car: https://www.autocentrum.pl/dane-techniczne/alfa-romeo/146/silnik-benzynowy-2.0-16v-t.s.-150km-1995-2001/
I, [2024-07-30T10:32:07.094801 #90340]  INFO -- : [212] Added car: https://www.autocentrum.pl/dane-techniczne/alfa-romeo/146/silnik-benzynowy-1.6-i.e.-103km-1994-1996/
I, [2024-07-30T10:32:07.094884 #90340]  INFO -- : [212] Added car: https://www.autocentrum.pl/dane-techniczne/acura/cl/i/silnik-benzynowy-2.3-152km-1997-1999/
I, [2024-07-30T10:32:07.094952 #90340]  INFO -- : [212] Added car: https://www.autocentrum.pl/dane-techniczne/alfa-romeo/166/i/
I, [2024-07-30T10:32:07.095017 #90340]  INFO -- : [212] Added car: https://www.autocentrum.pl/dane-techniczne/acura/mdx/ii/
I, [2024-07-30T10:32:07.095080 #90340]  INFO -- : [212] Added car: https://www.autocentrum.pl/dane-techniczne/alfa-romeo/156/ii/gta-kombi/silnik-benzynowy-3.2-i-v6-24v-250km-2003-2005/
I, [2024-07-30T10:32:07.095142 #90340]  INFO -- : [212] Added car: https://www.autocentrum.pl/dane-techniczne/alfa-romeo/166/ii/silnik-benzynowy-3.0-i-v6-24v-220km-2001-2003/
I, [2024-07-30T10:32:07.095249 #90340]  INFO -- : [212] Added car: https://www.autocentrum.pl/dane-techniczne/alfa-romeo/gt/i/
I, [2024-07-30T10:32:07.095367 #90340]  INFO -- : [212] Added car: https://www.autocentrum.pl/dane-techniczne/alfa-romeo/gt/i/silnik-benzynowy-1.3-junior-87km-1966-1977/
I, [2024-07-30T10:32:07.095499 #90340]  INFO -- : [212] Added car: https://www.autocentrum.pl/dane-techniczne/alfa-romeo/75/silnik-benzynowy-1.8-122km-1989-1992/
I, [2024-07-30T10:32:07.095623 #90340]  INFO -- : [212] Added car: https://www.autocentrum.pl/dane-techniczne/alfa-romeo/gtv/ii/spider/silnik-benzynowy-3.0-i-v6-24v-220km-1997-1998/
I, [2024-07-30T10:32:07.095734 #90340]  INFO -- : [212] Added car: https://www.autocentrum.pl/dane-techniczne/alfa-romeo/gtv/ii/spider/silnik-benzynowy-2.0-ts-155km-1995-1998/
I, [2024-07-30T10:32:07.095851 #90340]  INFO -- : [212] Added car: https://www.autocentrum.pl/dane-techniczne/alfa-romeo/156/ii/crosswagon-q4/silnik-diesla-1.9-16v-jtd-m-jet-150km-2004-2006/
I, [2024-07-30T10:32:07.096082 #90340]  INFO -- : [212] Added car: https://www.autocentrum.pl/dane-techniczne/acura/el/ii/
I, [2024-07-30T10:32:07.096140 #90340]  INFO -- : [212] Added car: https://www.autocentrum.pl/dane-techniczne/alfa-romeo/giulietta-nuova/ii/hatchback-5d-facelifting/silnik-diesla-2.0-jtd-16v-150km-2013-2015/
I, [2024-07-30T10:32:07.096211 #90340]  INFO -- : [212] Added car: https://www.autocentrum.pl/dane-techniczne/acura/vigor/
I, [2024-07-30T10:32:07.096327 #90340]  INFO -- : [212] Added car: https://www.autocentrum.pl/dane-techniczne/acura/nsx/silnik-benzynowy-3.0-275km-1990-2005/
I, [2024-07-30T10:32:07.096399 #90340]  INFO -- : [212] Added car: https://www.autocentrum.pl/dane-techniczne/abarth/punto-evo/
I, [2024-07-30T10:32:07.096450 #90340]  INFO -- : [212] Added car: https://www.autocentrum.pl/dane-techniczne/alfa-romeo/156/ii/crosswagon-q4/
I, [2024-07-30T10:32:07.096498 #90340]  INFO -- : [212] Added car: https://www.autocentrum.pl/dane-techniczne/alfa-romeo/146/silnik-benzynowy-1.3-90km-1997-2000/
I, [2024-07-30T10:32:07.096560 #90340]  INFO -- : [212] Added car: https://www.autocentrum.pl/dane-techniczne/alfa-romeo/156/i/sedan/silnik-benzynowy-1.8-16v-t.s.-144km-1997-2003/
I, [2024-07-30T10:32:07.096635 #90340]  INFO -- : [212] Added car: https://www.autocentrum.pl/dane-techniczne/alfa-romeo/156/ii/kombi/silnik-benzynowy-1.6-i-16v-t.spark-120km-2003-2006/
I, [2024-07-30T10:32:07.096779 #90340]  INFO -- : [212] Added car: https://www.autocentrum.pl/dane-techniczne/alfa-romeo/156/ii/sedan/silnik-benzynowy-2.5-i-v6-24v-192km-2003-2006/
I, [2024-07-30T10:32:07.096839 #90340]  INFO -- : [212] Added car: https://www.autocentrum.pl/dane-techniczne/alfa-romeo/156/ii/gta-kombi/
I, [2024-07-30T10:32:07.096897 #90340]  INFO -- : [212] Added car: https://www.autocentrum.pl/dane-techniczne/alfa-romeo/156/i/sedan/silnik-benzynowy-2.5-i-v6-24v-190km-1997-2001/
I, [2024-07-30T10:32:07.096995 #90340]  INFO -- : [212] Added car: https://www.autocentrum.pl/dane-techniczne/alfa-romeo/166/iii/silnik-benzynowy-2.5-i-v6-24v-188km-2003-2007/
I, [2024-07-30T10:32:07.097055 #90340]  INFO -- : [212] Added car: https://www.autocentrum.pl/dane-techniczne/alfa-romeo/156/i/sedan/silnik-benzynowy-2.0-i-16v-t.spark-155km-1997-2000/
I, [2024-07-30T10:32:07.097139 #90340]  INFO -- : [212] Added car: https://www.autocentrum.pl/dane-techniczne/alfa-romeo/156/i/sedan/silnik-diesla-1.9-jtd-115km-2001-2003/
I, [2024-07-30T10:32:07.097197 #90340]  INFO -- : [212] Added car: https://www.autocentrum.pl/dane-techniczne/alfa-romeo/giulietta-nuova/i/silnik-diesla-2.0-80km-1977-1985/
I, [2024-07-30T10:32:07.097250 #90340]  INFO -- : [212] Added car: https://www.autocentrum.pl/dane-techniczne/alfa-romeo/156/i/kombi/silnik-benzynowy-1.6-16v-t.s.-120km-2000-2003/
I, [2024-07-30T10:32:07.097335 #90340]  INFO -- : [212] Added car: https://www.autocentrum.pl/dane-techniczne/acura/integra/ii/
I, [2024-07-30T10:32:07.097397 #90340]  INFO -- : [212] Added car: https://www.autocentrum.pl/dane-techniczne/alfa-romeo/156/ii/sedan/silnik-diesla-2.4-jtd-175km-2003-2006/
I, [2024-07-30T10:32:07.097456 #90340]  INFO -- : [212] Added car: https://www.autocentrum.pl/dane-techniczne/alfa-romeo/146/silnik-diesla-1.9-td-90km-1994-2000/
I, [2024-07-30T10:32:07.097518 #90340]  INFO -- : [212] Added car: https://www.autocentrum.pl/dane-techniczne/alfa-romeo/156/ii/sedan/silnik-benzynowy-2.0-i-16v-150km-2003-2007/
I, [2024-07-30T10:32:07.089929 #90340]  INFO -- : [212] Added car: https://www.autocentrum.pl/dane-techniczne/alfa-romeo/166/i/silnik-benzynowy-2.5-i-v6-24v-190km-1998-2000/
I, [2024-07-30T10:32:07.090100 #90340]  INFO -- : [212] Added car: https://www.autocentrum.pl/dane-techniczne/alfa-romeo/gtv/i/silnik-benzynowy-2.5-160km-1980-1987/
I, [2024-07-30T10:32:07.135743 #90340]  INFO -- : [215] Added car: https://www.autocentrum.pl/dane-techniczne/alfa-romeo/156/i/sedan/silnik-benzynowy-2.5-i-v6-24v-192km-2001-2003/
I, [2024-07-30T10:32:07.091687 #90340]  INFO -- : [212] Added car: https://www.autocentrum.pl/dane-techniczne/alfa-romeo/giulietta-nuova/
I, [2024-07-30T10:32:07.179817 #90340]  INFO -- : [217] Added car: https://www.autocentrum.pl/dane-techniczne/alfa-romeo/156/ii/sedan/silnik-diesla-1.9-jtd-150km-2003-2006/
I, [2024-07-30T10:32:07.093691 #90340]  INFO -- : [212] Added car: https://www.autocentrum.pl/dane-techniczne/alfa-romeo/gtv/i/silnik-benzynowy-1.8-120km-1974-1987/
I, [2024-07-30T10:32:07.250574 #90340]  INFO -- : [219] Added car: https://www.autocentrum.pl/dane-techniczne/alfa-romeo/156/i/sedan/silnik-benzynowy-2.0-jts-165km-2001-2003/
I, [2024-07-30T10:32:07.254940 #90340]  INFO -- : [220] Added car: https://www.autocentrum.pl/dane-techniczne/alfa-romeo/156/i/kombi/
I, [2024-07-30T10:32:07.270400 #90340]  INFO -- : [221] Added car: https://www.autocentrum.pl/dane-techniczne/alfa-romeo/156/i/kombi/silnik-benzynowy-2.0-t.s.-150km-2001-2002/
I, [2024-07-30T10:32:07.314865 #90340]  INFO -- : [222] Added car: https://www.autocentrum.pl/dane-techniczne/alfa-romeo/156/i/sedan/silnik-diesla-1.9-16v-jtd-140km-2000-2003/
I, [2024-07-30T10:32:07.361287 #90340]  INFO -- : [223] Added car: https://www.autocentrum.pl/dane-techniczne/alfa-romeo/156/ii/kombi/silnik-diesla-1.9-16v-jtd-140km-2003-2006/
I, [2024-07-30T10:32:07.397980 #90340]  INFO -- : [224] Added car: https://www.autocentrum.pl/dane-techniczne/alfa-romeo/155/silnik-benzynowy-1.7-t.s.-115km-1993-1995/
I, [2024-07-30T10:32:07.417576 #90340]  INFO -- : [225] Added car: https://www.autocentrum.pl/dane-techniczne/alfa-romeo/156/ii/kombi/
I, [2024-07-30T10:32:07.472858 #90340]  INFO -- : [226] Added car: https://www.autocentrum.pl/dane-techniczne/alfa-romeo/156/i/kombi/silnik-diesla-1.9-16v-jtd-140km-2000-2003/
I, [2024-07-30T10:32:07.489366 #90340]  INFO -- : [227] Added car: https://www.autocentrum.pl/dane-techniczne/alfa-romeo/156/ii/sedan/silnik-diesla-1.9-jtd-115km-2003-2005/
I, [2024-07-30T10:32:07.498411 #90340]  INFO -- : [228] Added car: https://www.autocentrum.pl/dane-techniczne/alfa-romeo/156/i/kombi/silnik-diesla-2.4-jtd-150km-2002-2003/
I, [2024-07-30T10:32:07.509066 #90340]  INFO -- : [229] Added car: https://www.autocentrum.pl/dane-techniczne/alfa-romeo/156/i/sedan/silnik-benzynowy-2.5-i-v6-24v-q-system-192km-2001-2003/
I, [2024-07-30T10:32:07.516240 #90340]  INFO -- : [230] Added car: https://www.autocentrum.pl/dane-techniczne/alfa-romeo/155/silnik-benzynowy-1.8-t.spark-105km-1992-1993/
I, [2024-07-30T10:32:07.530255 #90340]  INFO -- : [231] Added car: https://www.autocentrum.pl/dane-techniczne/alfa-romeo/155/silnik-benzynowy-1.8-t.spark-140km-1995-1997/
I, [2024-07-30T10:32:07.539373 #90340]  INFO -- : [232] Added car: https://www.autocentrum.pl/dane-techniczne/alfa-romeo/156/i/sedan/silnik-benzynowy-1.6-16v-t.s.-120km-1997-2003/
I, [2024-07-30T10:32:07.566503 #90340]  INFO -- : [234] Added car: https://www.autocentrum.pl/dane-techniczne/alfa-romeo/156/i/gta-kombi/silnik-benzynowy-3.2-i-v6-24v-250km-2001-2003/
I, [2024-07-30T10:32:07.567965 #90340]  INFO -- : [234] Added car: https://www.autocentrum.pl/dane-techniczne/alfa-romeo/156/ii/sedan/
I, [2024-07-30T10:32:07.590757 #90340]  INFO -- : [235] Added car: https://www.autocentrum.pl/dane-techniczne/alfa-romeo/155/silnik-diesla-2.5-td-125km-1993-1997/
I, [2024-07-30T10:32:07.606714 #90340]  INFO -- : [236] Added car: https://www.autocentrum.pl/dane-techniczne/alfa-romeo/156/i/kombi/silnik-diesla-2.4-jtd-140km-2001-2002/
I, [2024-07-30T10:32:07.613409 #90340]  INFO -- : [237] Added car: https://www.autocentrum.pl/dane-techniczne/alfa-romeo/156/i/sedan/
I, [2024-07-30T10:32:07.619933 #90340]  INFO -- : [238] Added car: https://www.autocentrum.pl/dane-techniczne/alfa-romeo/156/i/gta/
I, [2024-07-30T10:32:07.664931 #90340]  INFO -- : [239] Added car: https://www.autocentrum.pl/dane-techniczne/alfa-romeo/155/
I, [2024-07-30T10:32:07.713949 #90340]  INFO -- : [240] Added car: https://www.autocentrum.pl/dane-techniczne/alfa-romeo/156/ii/sedan/silnik-benzynowy-2.0-i-16v-jts-165km-2003-2006/
I, [2024-07-30T10:32:07.720142 #90340]  INFO -- : [241] Added car: https://www.autocentrum.pl/dane-techniczne/alfa-romeo/156/i/sedan/silnik-benzynowy-2.5-v6-24v-q-system-190km-1997-2001/
I, [2024-07-30T10:32:07.736709 #90340]  INFO -- : [242] Added car: https://www.autocentrum.pl/dane-techniczne/alfa-romeo/156/i/kombi/silnik-diesla-1.9-jtd-105km-2000-2000/
I, [2024-07-30T10:32:07.760346 #90340]  INFO -- : [243] Added car: https://www.autocentrum.pl/dane-techniczne/alfa-romeo/156/i/sedan/silnik-diesla-1.9-jtd-105km-1997-2000/
I, [2024-07-30T10:32:07.769932 #90340]  INFO -- : [244] Added car: https://www.autocentrum.pl/dane-techniczne/alfa-romeo/156/i/kombi/silnik-benzynowy-1.8-16v-t.s.-144km-2000-2003/
I, [2024-07-30T10:32:07.772951 #90340]  INFO -- : [245] Added car: https://www.autocentrum.pl/dane-techniczne/alfa-romeo/156/
I, [2024-07-30T10:32:07.804598 #90340]  INFO -- : [246] Added car: https://www.autocentrum.pl/dane-techniczne/alfa-romeo/156/i/sedan/silnik-diesla-2.4-jtd-136km-1997-2000/
I, [2024-07-30T10:32:07.826659 #90340]  INFO -- : [247] Added car: https://www.autocentrum.pl/dane-techniczne/alfa-romeo/145/silnik-diesla-1.9-td-90km-1994-1999/
I, [2024-07-30T10:32:07.834757 #90340]  INFO -- : [248] Added car: https://www.autocentrum.pl/dane-techniczne/alfa-romeo/145/silnik-benzynowy-1.6-i.e.-16v-t.s.-120km-1996-2000/
I, [2024-07-30T10:32:07.890854 #90340]  INFO -- : [249] Added car: https://www.autocentrum.pl/dane-techniczne/alfa-romeo/155/silnik-benzynowy-2.5-v6-167.a1-165km-1992-1996/
I, [2024-07-30T10:32:07.915754 #90340]  INFO -- : [250] Added car: https://www.autocentrum.pl/dane-techniczne/alfa-romeo/155/silnik-diesla-1.9-td-92km-1993-1997/
I, [2024-07-30T10:32:08.024100 #90340]  INFO -- : [251] Added car: https://www.autocentrum.pl/dane-techniczne/alfa-romeo/145/silnik-diesla-1.9-jtd-105km-1999-2000/
I, [2024-07-30T10:32:08.034725 #90340]  INFO -- : [252] Added car: https://www.autocentrum.pl/dane-techniczne/alfa-romeo/145/silnik-benzynowy-2.0-16v-t.s.-150km-1995-1998/
I, [2024-07-30T10:32:08.064646 #90340]  INFO -- : [253] Added car: https://www.autocentrum.pl/dane-techniczne/alfa-romeo/156/i/kombi/silnik-benzynowy-2.5-i-v6-24v-190km-2000-2003/
I, [2024-07-30T10:32:08.133258 #90340]  INFO -- : [254] Added car: https://www.autocentrum.pl/dane-techniczne/alfa-romeo/156/i/sedan/silnik-diesla-1.9-jtd-110km-2002-2002/
I, [2024-07-30T10:32:08.185248 #90340]  INFO -- : [256] Added car: https://www.autocentrum.pl/dane-techniczne/alfa-romeo/155/silnik-benzynowy-2.0-t.s.-167.a2a-143km-1992-1995/
I, [2024-07-30T10:32:08.193784 #90340]  INFO -- : [256] Added car: https://www.autocentrum.pl/dane-techniczne/alfa-romeo/155/silnik-benzynowy-1.8-t.s.-129km-1992-1995/
I, [2024-07-30T10:32:08.203478 #90340]  INFO -- : [257] Added car: https://www.autocentrum.pl/dane-techniczne/alfa-romeo/156/i/gta-kombi/
I, [2024-07-30T10:32:08.220491 #90340]  INFO -- : [259] Added car: https://www.autocentrum.pl/dane-techniczne/alfa-romeo/156/ii/
I, [2024-07-30T10:32:08.225502 #90340]  INFO -- : [259] Added car: https://www.autocentrum.pl/dane-techniczne/alfa-romeo/145/silnik-benzynowy-1.7-i.e.-16v-144km-1998-2000/
I, [2024-07-30T10:32:08.240522 #90340]  INFO -- : [260] Added car: https://www.autocentrum.pl/dane-techniczne/alfa-romeo/156/ii/sedan/silnik-benzynowy-1.8-i-16v-t.spark-140km-2003-2006/
I, [2024-07-30T10:32:08.272218 #90340]  INFO -- : [261] Added car: https://www.autocentrum.pl/dane-techniczne/alfa-romeo/33/
I, [2024-07-30T10:32:08.303364 #90340]  INFO -- : [263] Added car: https://www.autocentrum.pl/dane-techniczne/alfa-romeo/33/i/hatchback/silnik-benzynowy-1.5-85km-1983-1985/
I, [2024-07-30T10:32:08.308444 #90340]  INFO -- : [264] Added car: https://www.autocentrum.pl/dane-techniczne/alfa-romeo/156/i/sedan/silnik-benzynowy-2.0-t.s.-150km-2001-2002/
I, [2024-07-30T10:32:08.311482 #90340]  INFO -- : [264] Added car: https://www.autocentrum.pl/dane-techniczne/alfa-romeo/33/i/
I, [2024-07-30T10:32:08.330700 #90340]  INFO -- : [265] Added car: https://www.autocentrum.pl/dane-techniczne/alfa-romeo/155/silnik-benzynowy-1.8-t.spark-127km-1992-1996/
I, [2024-07-30T10:32:08.343142 #90340]  INFO -- : [266] Added car: https://www.autocentrum.pl/dane-techniczne/alfa-romeo/33/i/hatchback/silnik-benzynowy-1.5-105km-1986-1989/
I, [2024-07-30T10:32:08.350348 #90340]  INFO -- : [267] Added car: https://www.autocentrum.pl/dane-techniczne/alfa-romeo/33/i/hatchback/silnik-benzynowy-1.3-88km-1984-1989/
I, [2024-07-30T10:32:08.387970 #90340]  INFO -- : [269] Added car: https://www.autocentrum.pl/dane-techniczne/alfa-romeo/155/silnik-benzynowy-2.0-t.s.-167.a2-145km-1992-1993/
I, [2024-07-30T10:32:08.395017 #90340]  INFO -- : [269] Added car: https://www.autocentrum.pl/dane-techniczne/alfa-romeo/155/silnik-benzynowy-2.5-v6-167.a1c-167.a1e-166km-1992-1997/
I, [2024-07-30T10:32:08.423541 #90340]  INFO -- : [270] Added car: https://www.autocentrum.pl/dane-techniczne/alfa-romeo/155/silnik-benzynowy-1.6-16v-t.s.-120km-1995-1998/
